Connecting to database specified by database.yml
OpenIdAuthentication.store is nil. Using in-memory store.
Creating scope :system. Overwriting existing method Enumeration.system.
  [1m[36m (0.0ms)[0m  [1mSELECT "schema_migrations"."version" FROM "schema_migrations" [0m
Migrating to Setup (1)
Migrating to IssueMove (2)
Migrating to IssueAddNote (3)
Migrating to ExportPdf (4)
Migrating to IssueStartDate (5)
Migrating to CalendarAndActivity (6)
Migrating to CreateJournals (7)
Migrating to CreateUserPreferences (8)
Migrating to AddHideMailPref (9)
Migrating to CreateComments (10)
Migrating to AddNewsCommentsCount (11)
Migrating to AddCommentsPermissions (12)
Migrating to CreateQueries (13)
Migrating to AddQueriesPermissions (14)
Migrating to CreateRepositories (15)
Migrating to AddRepositoriesPermissions (16)
Migrating to CreateSettings (17)
Migrating to SetDocAndFilesNotifications (18)
Migrating to AddIssueStatusPosition (19)
Migrating to AddRolePosition (20)
Migrating to AddTrackerPosition (21)
Migrating to SerializePossiblesValues (22)
Migrating to AddTrackerIsInRoadmap (23)
Migrating to AddRoadmapPermission (24)
Migrating to AddSearchPermission (25)
Migrating to AddRepositoryLoginAndPassword (26)
Migrating to CreateWikis (27)
Migrating to CreateWikiPages (28)
Migrating to CreateWikiContents (29)
Migrating to AddProjectsFeedsPermissions (30)
Migrating to AddRepositoryRootUrl (31)
Migrating to CreateTimeEntries (32)
Migrating to AddTimelogPermissions (33)
Migrating to CreateChangesets (34)
Migrating to CreateChanges (35)
Migrating to AddChangesetCommitDate (36)
Migrating to AddProjectIdentifier (37)
Migrating to AddCustomFieldIsFilter (38)
Migrating to CreateWatchers (39)
Migrating to CreateChangesetsIssues (40)
Migrating to RenameCommentToComments (41)
Migrating to CreateIssueRelations (42)
Migrating to AddRelationsPermissions (43)
Migrating to SetLanguageLengthToFive (44)
Migrating to CreateBoards (45)
Migrating to CreateMessages (46)
Migrating to AddBoardsPermissions (47)
Migrating to AllowNullVersionEffectiveDate (48)
Migrating to AddWikiDestroyPagePermission (49)
Migrating to AddWikiAttachmentsPermissions (50)
Migrating to AddProjectStatus (51)
Migrating to AddChangesRevision (52)
Migrating to AddChangesBranch (53)
Migrating to AddChangesetsScmid (54)
Migrating to AddRepositoriesType (55)
Migrating to AddRepositoriesChangesPermission (56)
Migrating to AddVersionsWikiPageTitle (57)
Migrating to AddIssueCategoriesAssignedToId (58)
Migrating to AddRolesAssignable (59)
Migrating to ChangeChangesetsCommitterLimit (60)
Migrating to AddRolesBuiltin (61)
Migrating to InsertBuiltinRoles (62)
Migrating to AddRolesPermissions (63)
Migrating to DropPermissions (64)
Migrating to AddSettingsUpdatedOn (65)
Migrating to AddCustomValueCustomizedIndex (66)
Migrating to CreateWikiRedirects (67)
Migrating to CreateEnabledModules (68)
Migrating to AddIssuesEstimatedHours (69)
Migrating to ChangeAttachmentsContentTypeLimit (70)
Migrating to AddQueriesColumnNames (71)
Migrating to AddEnumerationsPosition (72)
Migrating to AddEnumerationsIsDefault (73)
Migrating to AddAuthSourcesTls (74)
Migrating to AddMembersMailNotification (75)
Migrating to AllowNullPosition (76)
Migrating to RemoveIssueStatusesHtmlColor (77)
Migrating to AddCustomFieldsPosition (78)
Migrating to AddUserPreferencesTimeZone (79)
Migrating to AddUsersType (80)
Migrating to CreateProjectsTrackers (81)
Migrating to AddMessagesLocked (82)
Migrating to AddMessagesSticky (83)
Migrating to ChangeAuthSourcesAccountLimit (84)
Migrating to AddRoleTrackerOldStatusIndexToWorkflows (85)
Migrating to AddCustomFieldsSearchable (86)
Migrating to ChangeProjectsDescriptionToText (87)
Migrating to AddCustomFieldsDefaultValue (88)
Migrating to AddAttachmentsDescription (89)
Migrating to ChangeVersionsNameLimit (90)
Migrating to ChangeChangesetsRevisionToString (91)
Migrating to ChangeChangesFromRevisionToString (92)
Migrating to AddWikiPagesProtected (93)
Migrating to ChangeProjectsHomepageLimit (94)
Migrating to AddWikiPagesParentId (95)
Migrating to AddCommitAccessPermission (96)
Migrating to AddViewWikiEditsPermission (97)
Migrating to SetTopicAuthorsAsWatchers (98)
Migrating to AddDeleteWikiPagesAttachmentsPermission (99)
Migrating to AddChangesetsUserId (100)
Migrating to PopulateChangesetsUserId (101)
Migrating to AddCustomFieldsEditable (102)
Migrating to SetCustomFieldsEditable (103)
Migrating to AddProjectsLftAndRgt (104)
Migrating to BuildProjectsTree (105)
Migrating to RemoveProjectsProjectsCount (106)
Migrating to AddOpenIdAuthenticationTables (107)
Migrating to AddIdentityUrlToUsers (108)
Migrating to AddWatchersUserIdTypeIndex (20090214190337)
Migrating to AddQueriesSortCriteria (20090312172426)
Migrating to AddProjectsTrackersUniqueIndex (20090312194159)
Migrating to ExtendSettingsName (20090318181151)
Migrating to AddTypeToEnumerations (20090323224724)
Migrating to UpdateEnumerationsToSti (20090401221305)
Migrating to AddActiveFieldToEnumerations (20090401231134)
Migrating to AddProjectToEnumerations (20090403001910)
Migrating to AddParentIdToEnumerations (20090406161854)
Migrating to AddQueriesGroupBy (20090425161243)
Migrating to CreateMemberRoles (20090503121501)
Migrating to PopulateMemberRoles (20090503121505)
Migrating to DropMembersRoleId (20090503121510)
Migrating to FixMessagesStickyNull (20090614091200)
Migrating to PopulateUsersType (20090704172350)
Migrating to CreateGroupsUsers (20090704172355)
Migrating to AddMemberRolesInheritedFrom (20090704172358)
Migrating to FixUsersCustomValues (20091010093521)
Migrating to AddMissingIndexesToWorkflows (20091017212227)
Migrating to AddMissingIndexesToCustomFieldsProjects (20091017212457)
Migrating to AddMissingIndexesToMessages (20091017212644)
Migrating to AddMissingIndexesToRepositories (20091017212938)
Migrating to AddMissingIndexesToComments (20091017213027)
Migrating to AddMissingIndexesToEnumerations (20091017213113)
Migrating to AddMissingIndexesToWikiPages (20091017213151)
Migrating to AddMissingIndexesToWatchers (20091017213228)
Migrating to AddMissingIndexesToAuthSources (20091017213257)
Migrating to AddMissingIndexesToDocuments (20091017213332)
Migrating to AddMissingIndexesToTokens (20091017213444)
Migrating to AddMissingIndexesToChangesets (20091017213536)
Migrating to AddMissingIndexesToIssueCategories (20091017213642)
Migrating to AddMissingIndexesToMemberRoles (20091017213716)
Migrating to AddMissingIndexesToBoards (20091017213757)
Migrating to AddMissingIndexesToUserPreferences (20091017213835)
Migrating to AddMissingIndexesToIssues (20091017213910)
Migrating to AddMissingIndexesToMembers (20091017214015)
Migrating to AddMissingIndexesToCustomFields (20091017214107)
Migrating to AddMissingIndexesToQueries (20091017214136)
Migrating to AddMissingIndexesToTimeEntries (20091017214236)
Migrating to AddMissingIndexesToNews (20091017214308)
Migrating to AddMissingIndexesToUsers (20091017214336)
Migrating to AddMissingIndexesToAttachments (20091017214406)
Migrating to AddMissingIndexesToWikiContents (20091017214440)
Migrating to AddMissingIndexesToCustomValues (20091017214519)
Migrating to AddMissingIndexesToJournals (20091017214611)
Migrating to AddMissingIndexesToIssueRelations (20091017214644)
Migrating to AddMissingIndexesToWikiRedirects (20091017214720)
Migrating to AddMissingIndexesToCustomFieldsTrackers (20091017214750)
Migrating to AddActivityIndexes (20091025163651)
Migrating to AddVersionsStatus (20091108092559)
Migrating to AddViewIssuesPermission (20091114105931)
Migrating to AddDefaultDoneRatioToIssueStatus (20091123212029)
Migrating to AddVersionsSharing (20091205124427)
Migrating to AddLftAndRgtIndexesToProjects (20091220183509)
Migrating to AddIndexToSettingsName (20091220183727)
Migrating to AddIndexesToIssueStatus (20091220184736)
Migrating to RemoveEnumerationsOpt (20091225164732)
Migrating to ChangeWikiContentsTextLimit (20091227112908)
Migrating to ChangeUsersMailNotificationToString (20100129193402)
Migrating to UpdateMailNotificationValues (20100129193813)
Migrating to AddIndexOnChangesetsScmid (20100221100219)
Migrating to AddIssuesNestedSetsColumns (20100313132032)
Migrating to AddIndexOnIssuesNestedSet (20100313171051)
Migrating to ChangeChangesPathLengthLimit (20100705164950)
Migrating to EnableCalendarAndGanttModulesWhereAppropriate (20100819172912)
Migrating to AddUniqueIndexOnMembers (20101104182107)
Migrating to AddCustomFieldsVisible (20101107130441)
Migrating to ChangeProjectsNameLimit (20101114115114)
Migrating to ChangeProjectsIdentifierLimit (20101114115359)
Migrating to AddWorkflowsAssigneeAndAuthor (20110220160626)
Migrating to AddUsersSalt (20110223180944)
Migrating to SaltUserPasswords (20110223180953)
Migrating to AddRepositoriesPathEncoding (20110224000000)
Migrating to ChangeRepositoriesPasswordLimit (20110226120112)
Migrating to ChangeAuthSourcesAccountPasswordLimit (20110226120132)
Migrating to ChangeJournalDetailsValuesToText (20110227125750)
Migrating to AddRepositoriesLogEncoding (20110228000000)
Migrating to CopyRepositoriesLogEncoding (20110228000100)
Migrating to AddIndexToUsersType (20110401192910)
Migrating to AddRolesIssuesVisibility (20110408103312)
Migrating to AddIssuesIsPrivate (20110412065600)
Migrating to AddRepositoriesExtraInfo (20110511000000)
Migrating to CreateChangesetParents (20110902000000)
Migrating to AddUniqueIndexToIssueRelations (20111201201315)
Migrating to AddRepositoriesIdentifier (20120115143024)
Migrating to AddRepositoriesIsDefault (20120115143100)
Migrating to SetDefaultRepositories (20120115143126)
Migrating to AddCustomFieldsMultiple (20120127174243)
Migrating to ChangeUsersLoginLimit (20120205111326)
Migrating to ChangeAttachmentsContainerDefaults (20120223110929)
Migrating to AddAuthSourcesFilter (20120301153455)
Migrating to ChangeRepositoriesToFullSti (20120422150750)
Migrating to AddTrackersFieldsBits (20120705074331)
Migrating to AddAuthSourcesTimeout (20120707064544)
Migrating to AddWorkflowsType (20120714122000)
Migrating to UpdateWorkflowsToSti (20120714122100)
Migrating to AddWorkflowsRuleFields (20120714122200)
Migrating to AddBoardsParentId (20120731164049)
Migrating to AddJournalsPrivateNotes (20120930112914)
Migrating to AddEnumerationsPositionName (20121026002032)
Migrating to PopulateEnumerationsPositionName (20121026003537)
Migrating to AddQueriesType (20121209123234)
Migrating to UpdateQueriesToSti (20121209123358)
Migrating to AddAttachmentsDiskDirectory (20121213084931)
Migrating to SplitDocumentsPermissions (20130110122628)
Migrating to AddUniqueIndexOnTokensValue (20130201184705)
Migrating to AddProjectsInheritMembers (20130202090625)
Migrating to AddUniqueIndexOnCustomFieldsTrackers (20130207175206)
Migrating to AddUniqueIndexOnCustomFieldsProjects (20130207181455)
Migrating to ChangeUsersLastnameLengthTo255 (20130215073721)
Migrating to AddIssuesClosedOn (20130215111127)
Migrating to PopulateIssuesClosedOn (20130215111141)
Migrating to RemoveIssuesDefaultFkValues (20130217094251)
  [1m[35m (0.0ms)[0m  SELECT "schema_migrations"."version" FROM "schema_migrations" 
Connecting to database specified by database.yml
OpenIdAuthentication.store is nil. Using in-memory store.
Creating scope :system. Overwriting existing method Enumeration.system.


Started GET "/" for 127.0.0.1 at 2014-10-31 16:49:24 -0700
Processing by WelcomeController#index as HTML
  [1m[36m (0.0ms)[0m  [1mSELECT MAX("settings"."updated_on") AS max_id FROM "settings" [0m
Creating scope :sorted. Overwriting existing method User.sorted.
  [1m[35mSetting Load (0.0ms)[0m  SELECT "settings".* FROM "settings" WHERE "settings"."name" = 'rest_api_enabled' LIMIT 1
  [1m[36mAnonymousUser Load (2.0ms)[0m  [1mSELECT "users".* FROM "users" WHERE "users"."type" IN ('AnonymousUser') LIMIT 1[0m
  Current user: anonymous
  [1m[35mSetting Load (0.0ms)[0m  SELECT "settings".* FROM "settings" WHERE "settings"."name" = 'login_required' LIMIT 1
  [1m[36mRole Load (1.0ms)[0m  [1mSELECT "roles".* FROM "roles" WHERE "roles"."builtin" = 2 LIMIT 1[0m
  [1m[35mSQL (3.0ms)[0m  SELECT "news"."id" AS t0_r0, "news"."project_id" AS t0_r1, "news"."title" AS t0_r2, "news"."summary" AS t0_r3, "news"."description" AS t0_r4, "news"."author_id" AS t0_r5, "news"."created_on" AS t0_r6, "news"."comments_count" AS t0_r7, "projects"."id" AS t1_r0, "projects"."name" AS t1_r1, "projects"."description" AS t1_r2, "projects"."homepage" AS t1_r3, "projects"."is_public" AS t1_r4, "projects"."parent_id" AS t1_r5, "projects"."created_on" AS t1_r6, "projects"."updated_on" AS t1_r7, "projects"."identifier" AS t1_r8, "projects"."status" AS t1_r9, "projects"."lft" AS t1_r10, "projects"."rgt" AS t1_r11, "projects"."inherit_members" AS t1_r12, "users"."id" AS t2_r0, "users"."login" AS t2_r1, "users"."hashed_password" AS t2_r2, "users"."firstname" AS t2_r3, "users"."lastname" AS t2_r4, "users"."mail" AS t2_r5, "users"."admin" AS t2_r6, "users"."status" AS t2_r7, "users"."last_login_on" AS t2_r8, "users"."language" AS t2_r9, "users"."auth_source_id" AS t2_r10, "users"."created_on" AS t2_r11, "users"."updated_on" AS t2_r12, "users"."type" AS t2_r13, "users"."identity_url" AS t2_r14, "users"."mail_notification" AS t2_r15, "users"."salt" AS t2_r16 FROM "news" LEFT OUTER JOIN "projects" ON "projects"."id" = "news"."project_id" LEFT OUTER JOIN "users" ON "users"."id" = "news"."author_id" AND "users"."type" IN ('User', 'AnonymousUser') WHERE (((projects.status <> 9 AND projects.id IN (SELECT em.project_id FROM enabled_modules em WHERE em.name='news')) AND (projects.is_public = 't'))) ORDER BY news.created_on DESC LIMIT 5
  [1m[36mCACHE (0.0ms)[0m  [1mSELECT "roles".* FROM "roles" WHERE "roles"."builtin" = 2 LIMIT 1[0m
  [1m[35mProject Load (0.0ms)[0m  SELECT "projects".* FROM "projects" WHERE (((projects.status <> 9) AND (projects.is_public = 't'))) ORDER BY created_on DESC LIMIT 5
  [1m[36mSetting Load (1.0ms)[0m  [1mSELECT "settings".* FROM "settings" WHERE "settings"."name" = 'welcome_text' LIMIT 1[0m
  [1m[35mSetting Load (0.0ms)[0m  SELECT "settings".* FROM "settings" WHERE "settings"."name" = 'app_title' LIMIT 1
  Rendered welcome/index.html.erb within layouts/base (51.0ms)
  [1m[36mSetting Load (0.0ms)[0m  [1mSELECT "settings".* FROM "settings" WHERE "settings"."name" = 'ui_theme' LIMIT 1[0m
  [1m[35mSetting Load (0.0ms)[0m  SELECT "settings".* FROM "settings" WHERE "settings"."name" = 'self_registration' LIMIT 1
Completed 200 OK in 318ms (Views: 111.0ms | ActiveRecord: 18.0ms)


Started GET "/login" for 127.0.0.1 at 2014-10-31 16:49:29 -0700
Processing by AccountController#login as HTML
  [1m[36m (0.0ms)[0m  [1mSELECT MAX("settings"."updated_on") AS max_id FROM "settings" [0m
  [1m[35mAnonymousUser Load (1.0ms)[0m  SELECT "users".* FROM "users" WHERE "users"."type" IN ('AnonymousUser') LIMIT 1
  Current user: anonymous
  [1m[36mSetting Load (1.0ms)[0m  [1mSELECT "settings".* FROM "settings" WHERE "settings"."name" = 'openid' LIMIT 1[0m
  [1m[35mSetting Load (0.0ms)[0m  SELECT "settings".* FROM "settings" WHERE "settings"."name" = 'autologin' LIMIT 1
  [1m[36mSetting Load (0.0ms)[0m  [1mSELECT "settings".* FROM "settings" WHERE "settings"."name" = 'lost_password' LIMIT 1[0m
  Rendered account/login.html.erb within layouts/base (3.0ms)
Completed 200 OK in 16ms (Views: 13.0ms | ActiveRecord: 2.0ms)


Started POST "/login" for 127.0.0.1 at 2014-10-31 16:49:33 -0700
Processing by AccountController#login as HTML
  Parameters: {"utf8"=>"✓", "authenticity_token"=>"Bi46La1XvkpmF9mNnwV6SJZSdgiZNdff5L0nUi+Dwkw=", "back_url"=>"http://localhost:3000/", "username"=>"admin", "password"=>"[FILTERED]", "login"=>"Login »"}
  [1m[35m (0.0ms)[0m  SELECT MAX("settings"."updated_on") AS max_id FROM "settings" 
  [1m[36mAnonymousUser Load (0.0ms)[0m  [1mSELECT "users".* FROM "users" WHERE "users"."type" IN ('AnonymousUser') LIMIT 1[0m
  Current user: anonymous
  [1m[35mUser Load (0.0ms)[0m  SELECT "users".* FROM "users" WHERE "users"."type" IN ('User', 'AnonymousUser') AND "users"."login" = 'admin'
Failed login for 'admin' from 127.0.0.1 at 2014-10-31 23:49:33 UTC
  Rendered account/login.html.erb within layouts/base (1.0ms)
Completed 200 OK in 14ms (Views: 11.0ms | ActiveRecord: 0.0ms)


Started POST "/login" for 127.0.0.1 at 2014-10-31 16:49:36 -0700
Processing by AccountController#login as HTML
  Parameters: {"utf8"=>"✓", "authenticity_token"=>"Bi46La1XvkpmF9mNnwV6SJZSdgiZNdff5L0nUi+Dwkw=", "back_url"=>"http://localhost:3000/", "username"=>"admin", "password"=>"[FILTERED]", "login"=>"Login »"}
  [1m[36m (0.0ms)[0m  [1mSELECT MAX("settings"."updated_on") AS max_id FROM "settings" [0m
  [1m[35mAnonymousUser Load (1.0ms)[0m  SELECT "users".* FROM "users" WHERE "users"."type" IN ('AnonymousUser') LIMIT 1
  Current user: anonymous
  [1m[36mUser Load (0.0ms)[0m  [1mSELECT "users".* FROM "users" WHERE "users"."type" IN ('User', 'AnonymousUser') AND "users"."login" = 'admin'[0m
Failed login for 'admin' from 127.0.0.1 at 2014-10-31 23:49:36 UTC
  Rendered account/login.html.erb within layouts/base (0.0ms)
Completed 200 OK in 13ms (Views: 10.0ms | ActiveRecord: 1.0ms)


Started POST "/login" for 127.0.0.1 at 2014-10-31 16:49:38 -0700
Processing by AccountController#login as HTML
  Parameters: {"utf8"=>"✓", "authenticity_token"=>"Bi46La1XvkpmF9mNnwV6SJZSdgiZNdff5L0nUi+Dwkw=", "back_url"=>"http://localhost:3000/", "username"=>"admin", "password"=>"[FILTERED]", "login"=>"Login »"}
  [1m[35m (0.0ms)[0m  SELECT MAX("settings"."updated_on") AS max_id FROM "settings" 
  [1m[36mAnonymousUser Load (1.0ms)[0m  [1mSELECT "users".* FROM "users" WHERE "users"."type" IN ('AnonymousUser') LIMIT 1[0m
  Current user: anonymous
  [1m[35mUser Load (0.0ms)[0m  SELECT "users".* FROM "users" WHERE "users"."type" IN ('User', 'AnonymousUser') AND "users"."login" = 'admin'
  [1m[36mSQL (1.0ms)[0m  [1mUPDATE "users" SET "last_login_on" = '2014-10-31 16:49:38.698606' WHERE "users"."type" IN ('User', 'AnonymousUser') AND "users"."id" = 1[0m
Successful authentication for 'admin' from 127.0.0.1 at 2014-10-31 23:49:38 UTC
Redirected to http://localhost:3000/
Completed 302 Found in 10ms (ActiveRecord: 2.0ms)


Started GET "/" for 127.0.0.1 at 2014-10-31 16:49:38 -0700
Processing by WelcomeController#index as HTML
  [1m[35mSetting Load (1.0ms)[0m  SELECT "settings".* FROM "settings" WHERE "settings"."name" = 'session_lifetime' LIMIT 1
  [1m[36mSetting Load (0.0ms)[0m  [1mSELECT "settings".* FROM "settings" WHERE "settings"."name" = 'session_timeout' LIMIT 1[0m
  [1m[35m (0.0ms)[0m  SELECT MAX("settings"."updated_on") AS max_id FROM "settings" 
  [1m[36mUser Load (0.0ms)[0m  [1mSELECT "users".* FROM "users" WHERE "users"."type" IN ('User', 'AnonymousUser') AND "users"."status" = 1 AND "users"."id" = $1 LIMIT 1[0m  [["id", 1]]
  Current user: admin (id=1)
  [1m[35mSQL (1.0ms)[0m  SELECT "news"."id" AS t0_r0, "news"."project_id" AS t0_r1, "news"."title" AS t0_r2, "news"."summary" AS t0_r3, "news"."description" AS t0_r4, "news"."author_id" AS t0_r5, "news"."created_on" AS t0_r6, "news"."comments_count" AS t0_r7, "projects"."id" AS t1_r0, "projects"."name" AS t1_r1, "projects"."description" AS t1_r2, "projects"."homepage" AS t1_r3, "projects"."is_public" AS t1_r4, "projects"."parent_id" AS t1_r5, "projects"."created_on" AS t1_r6, "projects"."updated_on" AS t1_r7, "projects"."identifier" AS t1_r8, "projects"."status" AS t1_r9, "projects"."lft" AS t1_r10, "projects"."rgt" AS t1_r11, "projects"."inherit_members" AS t1_r12, "users"."id" AS t2_r0, "users"."login" AS t2_r1, "users"."hashed_password" AS t2_r2, "users"."firstname" AS t2_r3, "users"."lastname" AS t2_r4, "users"."mail" AS t2_r5, "users"."admin" AS t2_r6, "users"."status" AS t2_r7, "users"."last_login_on" AS t2_r8, "users"."language" AS t2_r9, "users"."auth_source_id" AS t2_r10, "users"."created_on" AS t2_r11, "users"."updated_on" AS t2_r12, "users"."type" AS t2_r13, "users"."identity_url" AS t2_r14, "users"."mail_notification" AS t2_r15, "users"."salt" AS t2_r16 FROM "news" LEFT OUTER JOIN "projects" ON "projects"."id" = "news"."project_id" LEFT OUTER JOIN "users" ON "users"."id" = "news"."author_id" AND "users"."type" IN ('User', 'AnonymousUser') WHERE (projects.status <> 9 AND projects.id IN (SELECT em.project_id FROM enabled_modules em WHERE em.name='news')) ORDER BY news.created_on DESC LIMIT 5
  [1m[36mProject Load (0.0ms)[0m  [1mSELECT "projects".* FROM "projects" WHERE (projects.status <> 9) ORDER BY created_on DESC LIMIT 5[0m
  [1m[35mToken Load (1.0ms)[0m  SELECT "tokens".* FROM "tokens" WHERE "tokens"."user_id" = 1 AND (action='feeds') LIMIT 1
  Rendered welcome/index.html.erb within layouts/base (23.0ms)
  [1m[36mUserPreference Load (1.0ms)[0m  [1mSELECT "user_preferences".* FROM "user_preferences" WHERE "user_preferences"."user_id" = 1 LIMIT 1[0m
  [1m[35mSQL (2.0ms)[0m  SELECT "members"."id" AS t0_r0, "members"."user_id" AS t0_r1, "members"."project_id" AS t0_r2, "members"."created_on" AS t0_r3, "members"."mail_notification" AS t0_r4, "projects"."id" AS t1_r0, "projects"."name" AS t1_r1, "projects"."description" AS t1_r2, "projects"."homepage" AS t1_r3, "projects"."is_public" AS t1_r4, "projects"."parent_id" AS t1_r5, "projects"."created_on" AS t1_r6, "projects"."updated_on" AS t1_r7, "projects"."identifier" AS t1_r8, "projects"."status" AS t1_r9, "projects"."lft" AS t1_r10, "projects"."rgt" AS t1_r11, "projects"."inherit_members" AS t1_r12, "roles"."id" AS t2_r0, "roles"."name" AS t2_r1, "roles"."position" AS t2_r2, "roles"."assignable" AS t2_r3, "roles"."builtin" AS t2_r4, "roles"."permissions" AS t2_r5, "roles"."issues_visibility" AS t2_r6 FROM "members" LEFT OUTER JOIN "projects" ON "projects"."id" = "members"."project_id" LEFT OUTER JOIN "member_roles" ON "member_roles"."member_id" = "members"."id" LEFT OUTER JOIN "roles" ON "roles"."id" = "member_roles"."role_id" WHERE "members"."user_id" = 1 AND (projects.status<>9) ORDER BY projects.name
Completed 200 OK in 82ms (Views: 69.0ms | ActiveRecord: 9.0ms)


Started GET "/admin" for 127.0.0.1 at 2014-10-31 16:49:41 -0700
Processing by AdminController#index as HTML
  [1m[36m (0.0ms)[0m  [1mSELECT MAX("settings"."updated_on") AS max_id FROM "settings" [0m
  [1m[35mUser Load (0.0ms)[0m  SELECT "users".* FROM "users" WHERE "users"."type" IN ('User', 'AnonymousUser') AND "users"."status" = 1 AND "users"."id" = $1 LIMIT 1  [["id", 1]]
  Current user: admin (id=1)
  [1m[36mRole Exists (0.0ms)[0m  [1mSELECT 1 AS one FROM "roles" WHERE "roles"."builtin" = 0 LIMIT 1[0m
  [1m[35mTracker Exists (0.0ms)[0m  SELECT 1 AS one FROM "trackers" LIMIT 1
  [1m[36mIssueStatus Exists (1.0ms)[0m  [1mSELECT 1 AS one FROM "issue_statuses" LIMIT 1[0m
  [1m[35mEnumeration Exists (1.0ms)[0m  SELECT 1 AS one FROM "enumerations" ORDER BY enumerations.position ASC LIMIT 1
  Rendered admin/_no_data.html.erb (710.1ms)
  Rendered admin/_menu.html.erb (3.0ms)
  Rendered admin/index.html.erb within layouts/admin (723.1ms)
  [1m[36mUserPreference Load (1.0ms)[0m  [1mSELECT "user_preferences".* FROM "user_preferences" WHERE "user_preferences"."user_id" = 1 LIMIT 1[0m
  [1m[35mSQL (0.0ms)[0m  SELECT "members"."id" AS t0_r0, "members"."user_id" AS t0_r1, "members"."project_id" AS t0_r2, "members"."created_on" AS t0_r3, "members"."mail_notification" AS t0_r4, "projects"."id" AS t1_r0, "projects"."name" AS t1_r1, "projects"."description" AS t1_r2, "projects"."homepage" AS t1_r3, "projects"."is_public" AS t1_r4, "projects"."parent_id" AS t1_r5, "projects"."created_on" AS t1_r6, "projects"."updated_on" AS t1_r7, "projects"."identifier" AS t1_r8, "projects"."status" AS t1_r9, "projects"."lft" AS t1_r10, "projects"."rgt" AS t1_r11, "projects"."inherit_members" AS t1_r12, "roles"."id" AS t2_r0, "roles"."name" AS t2_r1, "roles"."position" AS t2_r2, "roles"."assignable" AS t2_r3, "roles"."builtin" AS t2_r4, "roles"."permissions" AS t2_r5, "roles"."issues_visibility" AS t2_r6 FROM "members" LEFT OUTER JOIN "projects" ON "projects"."id" = "members"."project_id" LEFT OUTER JOIN "member_roles" ON "member_roles"."member_id" = "members"."id" LEFT OUTER JOIN "roles" ON "roles"."id" = "member_roles"."role_id" WHERE "members"."user_id" = 1 AND (projects.status<>9) ORDER BY projects.name
  Rendered layouts/base.html.erb (6.0ms)
Completed 200 OK in 757ms (Views: 737.2ms | ActiveRecord: 6.0ms)


Started GET "/projects" for 127.0.0.1 at 2014-10-31 16:49:43 -0700
Processing by ProjectsController#index as HTML
  [1m[36m (1.0ms)[0m  [1mSELECT MAX("settings"."updated_on") AS max_id FROM "settings" [0m
  [1m[35mUser Load (0.0ms)[0m  SELECT "users".* FROM "users" WHERE "users"."type" IN ('User', 'AnonymousUser') AND "users"."status" = 1 AND "users"."id" = $1 LIMIT 1  [["id", 1]]
  Current user: admin (id=1)
  [1m[36mProject Load (1.0ms)[0m  [1mSELECT "projects".* FROM "projects" WHERE "projects"."status" = 1 AND (projects.status <> 9) ORDER BY lft[0m
  [1m[35mToken Load (0.0ms)[0m  SELECT "tokens".* FROM "tokens" WHERE "tokens"."user_id" = 1 AND (action='feeds') LIMIT 1
  Rendered projects/index.html.erb within layouts/base (3.0ms)
  [1m[36mUserPreference Load (0.0ms)[0m  [1mSELECT "user_preferences".* FROM "user_preferences" WHERE "user_preferences"."user_id" = 1 LIMIT 1[0m
  [1m[35mSQL (0.0ms)[0m  SELECT "members"."id" AS t0_r0, "members"."user_id" AS t0_r1, "members"."project_id" AS t0_r2, "members"."created_on" AS t0_r3, "members"."mail_notification" AS t0_r4, "projects"."id" AS t1_r0, "projects"."name" AS t1_r1, "projects"."description" AS t1_r2, "projects"."homepage" AS t1_r3, "projects"."is_public" AS t1_r4, "projects"."parent_id" AS t1_r5, "projects"."created_on" AS t1_r6, "projects"."updated_on" AS t1_r7, "projects"."identifier" AS t1_r8, "projects"."status" AS t1_r9, "projects"."lft" AS t1_r10, "projects"."rgt" AS t1_r11, "projects"."inherit_members" AS t1_r12, "roles"."id" AS t2_r0, "roles"."name" AS t2_r1, "roles"."position" AS t2_r2, "roles"."assignable" AS t2_r3, "roles"."builtin" AS t2_r4, "roles"."permissions" AS t2_r5, "roles"."issues_visibility" AS t2_r6 FROM "members" LEFT OUTER JOIN "projects" ON "projects"."id" = "members"."project_id" LEFT OUTER JOIN "member_roles" ON "member_roles"."member_id" = "members"."id" LEFT OUTER JOIN "roles" ON "roles"."id" = "member_roles"."role_id" WHERE "members"."user_id" = 1 AND (projects.status<>9) ORDER BY projects.name
Completed 200 OK in 20ms (Views: 17.0ms | ActiveRecord: 2.0ms)


Started POST "/logout" for 127.0.0.1 at 2014-10-31 16:49:49 -0700
Processing by AccountController#logout as HTML
  Parameters: {"authenticity_token"=>"UcsLcpjMvofDcGioOuXQ7Fbul5id6oFVU1XIEx7Eiac="}
  [1m[36m (0.0ms)[0m  [1mSELECT MAX("settings"."updated_on") AS max_id FROM "settings" [0m
  [1m[35mUser Load (0.0ms)[0m  SELECT "users".* FROM "users" WHERE "users"."type" IN ('User', 'AnonymousUser') AND "users"."status" = 1 AND "users"."id" = $1 LIMIT 1  [["id", 1]]
  Current user: admin (id=1)
  [1m[36mSQL (0.0ms)[0m  [1mDELETE FROM "tokens" WHERE (user_id = 1 AND action = 'autologin')[0m
  [1m[35mAnonymousUser Load (0.0ms)[0m  SELECT "users".* FROM "users" WHERE "users"."type" IN ('AnonymousUser') LIMIT 1
Redirected to http://localhost:3000/
Completed 302 Found in 4ms (ActiveRecord: 0.0ms)


Started GET "/" for 127.0.0.1 at 2014-10-31 16:49:49 -0700
Processing by WelcomeController#index as HTML
  [1m[36m (0.0ms)[0m  [1mSELECT MAX("settings"."updated_on") AS max_id FROM "settings" [0m
  [1m[35mAnonymousUser Load (0.0ms)[0m  SELECT "users".* FROM "users" WHERE "users"."type" IN ('AnonymousUser') LIMIT 1
  Current user: anonymous
  [1m[36mRole Load (1.0ms)[0m  [1mSELECT "roles".* FROM "roles" WHERE "roles"."builtin" = 2 LIMIT 1[0m
  [1m[35mSQL (1.0ms)[0m  SELECT "news"."id" AS t0_r0, "news"."project_id" AS t0_r1, "news"."title" AS t0_r2, "news"."summary" AS t0_r3, "news"."description" AS t0_r4, "news"."author_id" AS t0_r5, "news"."created_on" AS t0_r6, "news"."comments_count" AS t0_r7, "projects"."id" AS t1_r0, "projects"."name" AS t1_r1, "projects"."description" AS t1_r2, "projects"."homepage" AS t1_r3, "projects"."is_public" AS t1_r4, "projects"."parent_id" AS t1_r5, "projects"."created_on" AS t1_r6, "projects"."updated_on" AS t1_r7, "projects"."identifier" AS t1_r8, "projects"."status" AS t1_r9, "projects"."lft" AS t1_r10, "projects"."rgt" AS t1_r11, "projects"."inherit_members" AS t1_r12, "users"."id" AS t2_r0, "users"."login" AS t2_r1, "users"."hashed_password" AS t2_r2, "users"."firstname" AS t2_r3, "users"."lastname" AS t2_r4, "users"."mail" AS t2_r5, "users"."admin" AS t2_r6, "users"."status" AS t2_r7, "users"."last_login_on" AS t2_r8, "users"."language" AS t2_r9, "users"."auth_source_id" AS t2_r10, "users"."created_on" AS t2_r11, "users"."updated_on" AS t2_r12, "users"."type" AS t2_r13, "users"."identity_url" AS t2_r14, "users"."mail_notification" AS t2_r15, "users"."salt" AS t2_r16 FROM "news" LEFT OUTER JOIN "projects" ON "projects"."id" = "news"."project_id" LEFT OUTER JOIN "users" ON "users"."id" = "news"."author_id" AND "users"."type" IN ('User', 'AnonymousUser') WHERE (((projects.status <> 9 AND projects.id IN (SELECT em.project_id FROM enabled_modules em WHERE em.name='news')) AND (projects.is_public = 't'))) ORDER BY news.created_on DESC LIMIT 5
  [1m[36mCACHE (0.0ms)[0m  [1mSELECT "roles".* FROM "roles" WHERE "roles"."builtin" = 2 LIMIT 1[0m
  [1m[35mProject Load (0.0ms)[0m  SELECT "projects".* FROM "projects" WHERE (((projects.status <> 9) AND (projects.is_public = 't'))) ORDER BY created_on DESC LIMIT 5
  Rendered welcome/index.html.erb within layouts/base (1.0ms)
Completed 200 OK in 15ms (Views: 10.0ms | ActiveRecord: 2.0ms)
